# Виды индексов. Работа с индексами и оптимизация запросов
## Домашнее задание
1. Создать индекс к какой-либо из таблиц вашей БД
> Создадим БД со следующей схемой и заполним ее данными
![image](https://github.com/user-attachments/assets/e5931ac1-8d29-4b14-ac65-fb4458c10b31)

```
postgres=# CREATE DATABASE mydb;
CREATE DATABASE
postgres=# \c mydb
You are now connected to database "mydb" as user "postgres".
mydb=# CREATE TABLE users (
    id SERIAL PRIMARY KEY,
    username VARCHAR(50) NOT NULL,
    email VARCHAR(100) UNIQUE,
    created_at TIMESTAMP DEFAULT CURRENT_TIMESTAMP
);
CREATE TABLE
mydb=# CREATE TABLE posts (
    id SERIAL PRIMARY KEY,
    user_id INTEGER REFERENCES users(id),
    title VARCHAR(100),
    content TEXT,
    created_at TIMESTAMP DEFAULT CURRENT_TIMESTAMP
);
CREATE TABLE
mydb=# CREATE TABLE comments (
    id SERIAL PRIMARY KEY,
    post_id INTEGER REFERENCES posts(id),
    user_id INTEGER REFERENCES users(id),
    comment_text TEXT,
    created_at TIMESTAMP DEFAULT CURRENT_TIMESTAMP
);
CREATE TABLE
mydb=# \dt
          List of relations
 Schema |   Name   | Type  |  Owner
--------+----------+-------+----------
 public | comments | table | postgres
 public | posts    | table | postgres
 public | users    | table | postgres
(3 rows)
```
```
mydb=# INSERT INTO users (username, email) VALUES
('alice', 'alice@example.com'),
('bob', 'bob@example.com'),
('charlie', 'charlie@example.com');
INSERT 0 3
mydb=# INSERT INTO posts (user_id, title, content) VALUES
(1, 'First Post', 'This is the first post by Alice'),
(2, 'Bob Thoughts', 'Bob shares his thoughts here'),
(3, 'Charlie Corner', 'Charlie talks about various topics');
INSERT 0 3
mydb=# INSERT INTO comments (post_id, user_id, comment_text) VALUES
(1, 2, 'Great post, Alice!'),
(1, 3, 'Thanks for sharing, Alice!'),
(2, 1, 'Nice insights, Bob!');
INSERT 0 3
```
> Создадим индекс на поле email в таблице users
```
mydb=# CREATE INDEX idx_users_email ON users (email);
CREATE INDEX
```
2. Прислать текстом результат команды explain, в которой используется данный индекс
```
mydb=# EXPLAIN ANALYZE SELECT * FROM users WHERE email = 'alice@example.com';

                                           QUERY PLAN
-------------------------------------------------------------------------------------------------
 Seq Scan on users  (cost=0.00..1.04 rows=1 width=348) (actual time=0.010..0.011 rows=1 loops=1)
   Filter: ((email)::text = 'alice@example.com'::text)
   Rows Removed by Filter: 2
 Planning Time: 0.185 ms
 Execution Time: 0.028 ms
(5 rows)
```
3. Реализовать индекс для полнотекстового поиска
> Создадим индекс для полнотекстового поиска по содержимому постов
```
mydb=# CREATE INDEX idx_posts_fulltext ON posts USING gin(to_tsvector('english', content));
CREATE INDEX
                                           QUERY PLAN
-------------------------------------------------------------------------------------------------
 Seq Scan on posts  (cost=0.00..2.54 rows=1 width=266) (actual time=0.042..0.075 rows=1 loops=1)
   Filter: (to_tsvector('english'::regconfig, content) @@ to_tsquery('post'::text))
   Rows Removed by Filter: 2
 Planning Time: 0.741 ms
 Execution Time: 0.093 ms
(5 rows)
```
4. Реализовать индекс на часть таблицы или индекс на поле с функцией
> Создадим индекс для ускорения запросов, игнорирующих регистр в username
```
mydb=# CREATE INDEX idx_users_lower_username ON users (LOWER(username));
CREATE INDEX
mydb=# EXPLAIN ANALYZE SELECT * FROM users WHERE LOWER(username) = 'alice';
                                           QUERY PLAN
-------------------------------------------------------------------------------------------------
 Seq Scan on users  (cost=0.00..1.04 rows=1 width=348) (actual time=0.022..0.026 rows=1 loops=1)
   Filter: (lower((username)::text) = 'alice'::text)
   Rows Removed by Filter: 2
 Planning Time: 0.318 ms
 Execution Time: 0.042 ms
(5 rows)
```
5. Создать индекс на несколько полей
> Этот индекс ускорит выборку всех постов пользователя, отсортированных по дате.
```
mydb=# CREATE INDEX idx_posts_user_date ON posts (user_id, created_at);
CREATE INDEX
mydb=# EXPLAIN ANALYZE SELECT * FROM posts WHERE user_id = 1 ORDER BY created_at DESC;
                                              QUERY PLAN
-------------------------------------------------------------------------------------------------------
 Sort  (cost=1.05..1.05 rows=1 width=266) (actual time=0.018..0.019 rows=1 loops=1)
   Sort Key: created_at DESC
   Sort Method: quicksort  Memory: 25kB
   ->  Seq Scan on posts  (cost=0.00..1.04 rows=1 width=266) (actual time=0.010..0.011 rows=1 loops=1)
         Filter: (user_id = 1)
         Rows Removed by Filter: 2
 Planning Time: 0.323 ms
 Execution Time: 0.038 ms
(8 rows)
```
