# Секционирование
## Домашнее задание
На основе готовой базы данных примените один из методов секционирования в зависимости от структуры данных.
https://postgrespro.ru/education/demodb
> Скачаем демо базу с данными по полётам за три месяца
```
ubuntu@mgt-annenkova-test:~$ unzip demo-medium.zip
Archive:  demo-medium.zip
  inflating: demo-medium-20170815.sql
ubuntu@mgt-annenkova-test:~$ sudo -u postgres psql demo < /home/ubuntu/demo-medium-20170815.sql
SET
SET
SET
SET
SET
SET
SET
SET
ERROR:  cannot drop the currently open database
ERROR:  database "demo" already exists
You are now connected to database "demo" as user "postgres".
SET
SET
SET
SET
SET
SET
SET
SET
CREATE SCHEMA
COMMENT
CREATE EXTENSION
COMMENT
SET
CREATE FUNCTION
CREATE FUNCTION
COMMENT
SET
SET
CREATE TABLE
COMMENT
COMMENT
COMMENT
COMMENT
CREATE VIEW
COMMENT
COMMENT
COMMENT
COMMENT
CREATE TABLE
COMMENT
COMMENT
COMMENT
COMMENT
COMMENT
COMMENT
CREATE VIEW
COMMENT
COMMENT
COMMENT
COMMENT
COMMENT
COMMENT
CREATE TABLE
COMMENT
COMMENT
COMMENT
COMMENT
COMMENT
CREATE TABLE
COMMENT
COMMENT
COMMENT
COMMENT
CREATE TABLE
COMMENT
COMMENT
COMMENT
COMMENT
COMMENT
COMMENT
COMMENT
COMMENT
COMMENT
COMMENT
COMMENT
CREATE SEQUENCE
ALTER SEQUENCE
CREATE VIEW
COMMENT
COMMENT
COMMENT
COMMENT
COMMENT
COMMENT
COMMENT
COMMENT
COMMENT
COMMENT
COMMENT
COMMENT
COMMENT
COMMENT
COMMENT
COMMENT
COMMENT
COMMENT
COMMENT
COMMENT
COMMENT
CREATE VIEW
COMMENT
COMMENT
COMMENT
COMMENT
COMMENT
COMMENT
COMMENT
COMMENT
COMMENT
COMMENT
COMMENT
CREATE TABLE
COMMENT
COMMENT
COMMENT
COMMENT
CREATE TABLE
COMMENT
COMMENT
COMMENT
COMMENT
COMMENT
CREATE TABLE
COMMENT
COMMENT
COMMENT
COMMENT
COMMENT
COMMENT
ALTER TABLE
COPY 9
COPY 104
COPY 1894295
COPY 593433
COPY 65664
COPY 1339
COPY 2360335
COPY 829071
ALTER TABLE
ALTER TABLE
ALTER TABLE
ALTER TABLE
ALTER TABLE
ALTER TABLE
ALTER TABLE
ALTER TABLE
ALTER TABLE
ALTER TABLE
ALTER TABLE
ALTER TABLE
ALTER TABLE
ALTER TABLE
ALTER TABLE
ALTER TABLE
ALTER TABLE
ALTER TABLE
ALTER TABLE
ALTER DATABASE
ALTER DATABASE
```
### Анализ структуры данных:
* Ознакомьтесь с таблицами базы данных, особенно с таблицами bookings, tickets, ticket_flights, flights, boarding_passes, seats, airports, aircrafts.
![image](https://github.com/user-attachments/assets/34253ae5-0497-4625-aa71-75d5bd017231)
> * bookings: информация о бронировании (ключевая таблица).
> * tickets: информация о билетах.
> * ticket_flights: информация о рейсах, связанных с билетами.
> * flights: информация о рейсах.
> * boarding_passes: информация о посадочных талонах.
> * seats: информация о местах.
> * airports: данные об аэропортах.
> * aircrafts: данные о воздушных судах.
### Выбор таблицы для секционирования:
* Основной акцент делается на секционировании таблицы bookings. Но вы можете выбрать и другие таблицы, если видите в этом смысл для оптимизации производительности (например, flights, boarding_passes).
> Для секционирования я буду использовать таблицу bookings:
* Обоснуйте свой выбор: почему именно эта таблица требует секционирования? Какой тип данных является ключевым для секционирования?
> Поле book_date логично использовать для секционирования по времени, которое может ускорить запросы, связанные с историческими данными

> Также, в крупных системах бронирование на старые даты редко изменяется, поэтому старые секции можно архивировать или сделать только для чтения
### Определение типа секционирования:
* Определитесь с типом секционирования, которое наилучшим образом подходит для ваших данных:
  * По диапазону (например, по дате бронирования или дате рейса).
  * По списку (например, по пунктам отправления или по номерам рейсов).
  * По хэшированию (для равномерного распределения данных).
> Для работы было выбрано секционирование по диапазону:
> 1. поле book_date является непрерывным значением (тип DATE), что делает секционирование по диапазонам наиболее подходящим
> 2. часто запросы к базе данных используют фильтрацию по датам, и такое секционирование сократит объем просматриваемых данных
### Создание секционированной таблицы:
* Преобразуйте таблицу в секционированную с выбранным типом секционирования.
Например, если вы выбрали секционирование по диапазону дат бронирования, создайте секции по месяцам или годам.
> Для начала переименуем старую таблицу и создадим секционированную таблицу bookings, где данные распределяются по столбцу book_date
```
demo=# ALTER TABLE bookings RENAME TO bookings_old;
ALTER TABLE
demo=# CREATE TABLE bookings (
    book_ref CHARACTER(6) NOT NULL,
    book_date TIMESTAMP WITH TIME ZONE NOT NULL,
    total_amount NUMERIC(10, 2) NOT NULL,
    PRIMARY KEY (book_ref, book_date)
) PARTITION BY RANGE (book_date);
CREATE TABLE
```
> создадим секции по месяцам и секцию для данных, не попадающих в указанные диапазоны
```
demo=# CREATE TABLE bookings_2017_apr PARTITION OF bookings
FOR VALUES FROM ('2017-04-01 00:00:00+03') TO ('2017-05-01 00:00:00+03');

CREATE TABLE bookings_2017_may PARTITION OF bookings
FOR VALUES FROM ('2017-05-01 00:00:00+03') TO ('2017-06-01 00:00:00+03');

CREATE TABLE bookings_2017_jun PARTITION OF bookings
FOR VALUES FROM ('2017-06-01 00:00:00+03') TO ('2017-07-01 00:00:00+03');

CREATE TABLE bookings_2017_jul PARTITION OF bookings
FOR VALUES FROM ('2017-07-01 00:00:00+03') TO ('2017-08-01 00:00:00+03');

CREATE TABLE bookings_2017_aug PARTITION OF bookings
FOR VALUES FROM ('2017-08-01 00:00:00+03') TO ('2017-09-01 00:00:00+03');
CREATE TABLE
CREATE TABLE
CREATE TABLE
CREATE TABLE
CREATE TABLE
demo=# CREATE TABLE bookings_default PARTITION OF bookings
DEFAULT;
CREATE TABLE
```
### Миграция данных:
* Перенесите существующие данные из исходной таблицы в секционированную структуру.
* Убедитесь, что все данные правильно распределены по секциям.
```
demo=# INSERT INTO bookings (book_ref, book_date, total_amount)
SELECT book_ref, book_date, total_amount FROM bookings_old;
INSERT 0 593433
demo=# select count(*) from bookings_old;
 count
--------
 593433
(1 row)
demo=# SELECT 'bookings_2017_apr' AS partition_name, COUNT(*) AS row_count FROM bookings_2017_apr
UNION ALL
SELECT 'bookings_2017_may', COUNT(*) FROM bookings_2017_may
UNION ALL
SELECT 'bookings_2017_jun', COUNT(*) FROM bookings_2017_jun
UNION ALL
SELECT 'bookings_2017_jul', COUNT(*) FROM bookings_2017_jul
UNION ALL
SELECT 'bookings_2017_aug', COUNT(*) FROM bookings_2017_aug
UNION ALL
SELECT 'bookings_default', COUNT(*) FROM bookings_default;
  partition_name   | row_count
-------------------+-----------
 bookings_default  |         0
 bookings_2017_apr |      4569
 bookings_2017_aug |     88423
 bookings_2017_may |    163531
 bookings_2017_jul |    171760
 bookings_2017_jun |    165150
(6 rows)
```
### Оптимизация запросов:
* Проверьте, как секционирование влияет на производительность запросов. Выполните несколько выборок данных до и после секционирования для оценки времени выполнения.
> До секционирования:
```                                                                   
EXPLAIN ANALYZE SELECT SUM(total_amount) FROM bookings_old WHERE book_date BETWEEN '2017-05-01' AND '2017-05-31';
```
```                                                                   
                                                                  QUERY PLAN                                                                   
-----------------------------------------------------------------------------------------------------------------------------------------------------------------------
 Finalize Aggregate  (cost=8651.39..8651.40 rows=1 width=32) (actual time=35.172..39.731 rows=1 loops=1)
   ->  Gather  (cost=8651.16..8651.37 rows=2 width=32) (actual time=35.076..39.717 rows=3 loops=1)
         Workers Planned: 2
         Workers Launched: 2
         ->  Partial Aggregate  (cost=7651.16..7651.17 rows=1 width=32) (actual time=31.712..31.713 rows=1 loops=3)
               ->  Parallel Seq Scan on bookings_old  (cost=0.00..7488.96 rows=64882 width=6) (actual time=0.018..24.821 rows=52680 loops=3)
                     Filter: ((book_date >= '2017-05-01 00:00:00+03'::timestamp with time zone) AND (book_date <= '2017-05-31 00:00:00+03'::timestamp with time zone))
                     Rows Removed by Filter: 145131
 Planning Time: 0.120 ms
 Execution Time: 39.771 ms
(10 rows)
```
> После секционирования:
```
EXPLAIN ANALYZE SELECT SUM(total_amount) FROM bookings WHERE book_date BETWEEN '2017-05-01' AND '2017-05-31';
```
```
      QUERY PLAN                                                                   
-----------------------------------------------------------------------------------------------------------------------------------------------------------------------
 Finalize Aggregate  (cost=3717.24..3717.25 rows=1 width=32) (actual time=26.646..29.767 rows=1 loops=1)
   ->  Gather  (cost=3717.12..3717.23 rows=1 width=32) (actual time=26.592..29.753 rows=2 loops=1)
         Workers Planned: 1
         Workers Launched: 1
         ->  Partial Aggregate  (cost=2717.12..2717.13 rows=1 width=32) (actual time=23.810..23.811 rows=1 loops=2)
               ->  Parallel Seq Scan on bookings_2017_may bookings  (cost=0.00..2484.92 rows=92879 width=6) (actual time=0.020..14.663 rows=79020 loops=2)
                     Filter: ((book_date >= '2017-05-01 00:00:00+03'::timestamp with time zone) AND (book_date <= '2017-05-31 00:00:00+03'::timestamp with time zone))
                     Rows Removed by Filter: 2746
 Planning Time: 0.312 ms
 Execution Time: 29.813 ms
(10 rows)
```
> Время выполнения уменьшилось
### Тестирование решения:
* Протестируйте секционирование, выполняя несколько запросов к секционированной таблице.
> постгрес должен обратиться только к секциям bookings_2017_apr, bookings_2017_may и bookings_2017_jun
```
demo=# EXPLAIN ANALYZE
SELECT COUNT(*), SUM(total_amount)
FROM bookings
WHERE book_date BETWEEN '2017-04-01 00:00:00+03' AND '2017-06-30 23:59:59+03';

                                                                                 QUERY PLAN                                                                
-----------------------------------------------------------------------------------------------------------------------------------------------------------------------------
 Finalize Aggregate  (cost=7453.21..7453.22 rows=1 width=40) (actual time=49.979..53.451 rows=1 loops=1)
   ->  Gather  (cost=7452.98..7453.19 rows=2 width=40) (actual time=49.863..53.434 rows=3 loops=1)
         Workers Planned: 2
         Workers Launched: 2
         ->  Partial Aggregate  (cost=6452.98..6452.99 rows=1 width=40) (actual time=46.550..46.551 rows=1 loops=3)
               ->  Parallel Append  (cost=0.00..5758.71 rows=138854 width=6) (actual time=0.028..32.571 rows=111083 loops=3)
                     ->  Parallel Seq Scan on bookings_2017_jun bookings_3  (cost=0.00..2509.21 rows=97147 width=6) (actual time=0.014..10.238 rows=55050 loops=3)
                           Filter: ((book_date >= '2017-04-01 00:00:00+03'::timestamp with time zone) AND (book_date <= '2017-06-30 23:59:59+03'::timestamp with time zone))
                     ->  Parallel Seq Scan on bookings_2017_may bookings_2  (cost=0.00..2484.92 rows=96195 width=6) (actual time=0.022..15.278 rows=81766 loops=2)
                           Filter: ((book_date >= '2017-04-01 00:00:00+03'::timestamp with time zone) AND (book_date <= '2017-06-30 23:59:59+03'::timestamp with time zone))
                     ->  Parallel Seq Scan on bookings_2017_apr bookings_1  (cost=0.00..70.31 rows=2688 width=6) (actual time=0.010..1.119 rows=4569 loops=1)
                           Filter: ((book_date >= '2017-04-01 00:00:00+03'::timestamp with time zone) AND (book_date <= '2017-06-30 23:59:59+03'::timestamp with time zone))
 Planning Time: 0.630 ms
 Execution Time: 53.499 ms
(14 rows)
```
> постгрес должен использовать секцию bookings_default
```
demo=# EXPLAIN ANALYZE
SELECT *
FROM bookings
WHERE book_date = '2020-01-01 00:00:00+03';
                                                          QUERY PLAN
-------------------------------------------------------------------------------------------------------------------------------
 Bitmap Heap Scan on bookings_default bookings  (cost=11.80..20.27 rows=5 width=52) (actual time=0.004..0.005 rows=0 loops=1)
   Recheck Cond: (book_date = '2020-01-01 00:00:00+03'::timestamp with time zone)
   ->  Bitmap Index Scan on bookings_default_pkey  (cost=0.00..11.80 rows=5 width=0) (actual time=0.002..0.002 rows=0 loops=1)
         Index Cond: (book_date = '2020-01-01 00:00:00+03'::timestamp with time zone)
 Planning Time: 0.195 ms
 Execution Time: 0.034 ms
(6 rows)
```
* Проверьте, что операции вставки, обновления и удаления работают корректно.
```
demo=# INSERT INTO bookings (book_ref, book_date, total_amount) VALUES ('XX1234', '2017-06-15 12:00:00+03', 200.00);
INSERT 0 1
demo=# SELECT * FROM bookings_2017_jun WHERE book_ref = 'XX1234';
 book_ref |       book_date        | total_amount
----------+------------------------+--------------
 XX1234   | 2017-06-15 12:00:00+03 |       200.00
(1 row)

demo=# UPDATE bookings SET total_amount = 250.00 WHERE book_ref = 'XX1234';
UPDATE 1
demo=# SELECT * FROM bookings_2017_jun WHERE book_ref = 'XX1234';
 book_ref |       book_date        | total_amount
----------+------------------------+--------------
 XX1234   | 2017-06-15 12:00:00+03 |       250.00
(1 row)

demo=# DELETE FROM bookings WHERE book_ref = 'XX1234';
DELETE 1
demo=# SELECT * FROM bookings_2017_jun WHERE book_ref = 'XX1234';
 book_ref | book_date | total_amount
----------+-----------+--------------
(0 rows)
```
### Документирование:
* Добавьте комментарии к коду, поясняющие выбранный тип секционирования и шаги его реализации.
* Опишите, как секционирование улучшает производительность запросов и как оно может быть полезно в реальных условиях.
> * запросы работают только с нужными секциями, а не с целой таблицей
> * постгрес может обрабатывать несколько секций одновременно
> * новые данные сразу попадают в нужную секцию, а старые можно удалять, удаляя секции
> * индексы меньше и быстрее
> * легко архивировать или удалять данные целыми секциями

> в реальных условиях секционирование улучшает производительность аналитики, упрощает управление архивами и снижает нагрузку на систему
